<?xml version="1.0" encoding="UTF-8"?>
<testng-results ignored="0" total="1" passed="1" failed="0" skipped="0">
  <reporter-output>
  </reporter-output>
  <suite started-at="2023-08-18T14:49:55 IST" name="Default suite" finished-at="2023-08-18T14:50:05 IST" duration-ms="10476">
    <groups>
    </groups>
    <test started-at="2023-08-18T14:49:55 IST" name="Default test" finished-at="2023-08-18T14:50:05 IST" duration-ms="10476">
      <class name="practice.launchgoogle">
        <test-method signature="google()[pri:0, instance:practice.launchgoogle@245b4bdc]" started-at="2023-08-18T14:49:55 IST" name="google" finished-at="2023-08-18T14:50:05 IST" duration-ms="10419" status="PASS">
          <reporter-output>
          </reporter-output>
        </test-method> <!-- google -->
      </class> <!-- practice.launchgoogle -->
    </test> <!-- Default test -->
  </suite> <!-- Default suite -->
</testng-results>
